{"E:\\sit753_hd\\app.js": {"path":"E:\\sit753_hd\\app.js","statementMap":{"0":{"start":{"line":1,"column":16},"end":{"line":1,"column":34}},"1":{"start":{"line":2,"column":13},"end":{"line":2,"column":28}},"2":{"start":{"line":4,"column":15},"end":{"line":4,"column":32}},"3":{"start":{"line":5,"column":16},"end":{"line":5,"column":42}},"4":{"start":{"line":6,"column":23},"end":{"line":6,"column":47}},"5":{"start":{"line":7,"column":23},"end":{"line":7,"column":49}},"6":{"start":{"line":9,"column":0},"end":{"line":9,"column":16}},"7":{"start":{"line":11,"column":19},"end":{"line":11,"column":49}},"8":{"start":{"line":12,"column":20},"end":{"line":12,"column":51}},"9":{"start":{"line":14,"column":12},"end":{"line":14,"column":21}},"10":{"start":{"line":16,"column":15},"end":{"line":16,"column":32}},"11":{"start":{"line":17,"column":15},"end":{"line":17,"column":37}},"12":{"start":{"line":19,"column":0},"end":{"line":19,"column":18}},"13":{"start":{"line":21,"column":17},"end":{"line":21,"column":38}},"14":{"start":{"line":23,"column":0},"end":{"line":23,"column":43}},"15":{"start":{"line":25,"column":27},"end":{"line":29,"column":2}},"16":{"start":{"line":31,"column":0},"end":{"line":31,"column":44}},"17":{"start":{"line":33,"column":0},"end":{"line":40,"column":3}},"18":{"start":{"line":34,"column":2},"end":{"line":38,"column":5}},"19":{"start":{"line":35,"column":4},"end":{"line":37,"column":13}},"20":{"start":{"line":39,"column":2},"end":{"line":39,"column":9}},"21":{"start":{"line":42,"column":0},"end":{"line":48,"column":3}},"22":{"start":{"line":43,"column":2},"end":{"line":47,"column":5}},"23":{"start":{"line":50,"column":0},"end":{"line":53,"column":3}},"24":{"start":{"line":51,"column":2},"end":{"line":51,"column":48}},"25":{"start":{"line":52,"column":2},"end":{"line":52,"column":36}},"26":{"start":{"line":56,"column":0},"end":{"line":56,"column":30}},"27":{"start":{"line":57,"column":0},"end":{"line":57,"column":48}},"28":{"start":{"line":58,"column":0},"end":{"line":58,"column":56}},"29":{"start":{"line":59,"column":0},"end":{"line":59,"column":79}},"30":{"start":{"line":62,"column":0},"end":{"line":62,"column":48}},"31":{"start":{"line":63,"column":0},"end":{"line":63,"column":24}},"32":{"start":{"line":64,"column":0},"end":{"line":64,"column":35}},"33":{"start":{"line":67,"column":23},"end":{"line":76,"column":1}},"34":{"start":{"line":80,"column":0},"end":{"line":84,"column":1}},"35":{"start":{"line":81,"column":2},"end":{"line":83,"column":5}},"36":{"start":{"line":86,"column":0},"end":{"line":86,"column":33}},"37":{"start":{"line":89,"column":0},"end":{"line":93,"column":3}},"38":{"start":{"line":90,"column":2},"end":{"line":90,"column":29}},"39":{"start":{"line":91,"column":2},"end":{"line":91,"column":29}},"40":{"start":{"line":92,"column":2},"end":{"line":92,"column":9}},"41":{"start":{"line":96,"column":0},"end":{"line":100,"column":3}},"42":{"start":{"line":97,"column":2},"end":{"line":99,"column":5}},"43":{"start":{"line":102,"column":0},"end":{"line":102,"column":88}},"44":{"start":{"line":102,"column":34},"end":{"line":102,"column":86}},"45":{"start":{"line":103,"column":0},"end":{"line":103,"column":91}},"46":{"start":{"line":103,"column":35},"end":{"line":103,"column":89}},"47":{"start":{"line":104,"column":0},"end":{"line":104,"column":88}},"48":{"start":{"line":104,"column":34},"end":{"line":104,"column":86}},"49":{"start":{"line":106,"column":0},"end":{"line":109,"column":3}},"50":{"start":{"line":107,"column":20},"end":{"line":107,"column":46}},"51":{"start":{"line":108,"column":2},"end":{"line":108,"column":33}},"52":{"start":{"line":111,"column":0},"end":{"line":113,"column":3}},"53":{"start":{"line":112,"column":2},"end":{"line":112,"column":38}},"54":{"start":{"line":115,"column":0},"end":{"line":115,"column":30}},"55":{"start":{"line":116,"column":0},"end":{"line":116,"column":35}},"56":{"start":{"line":117,"column":0},"end":{"line":117,"column":57}},"57":{"start":{"line":117,"column":22},"end":{"line":117,"column":55}},"58":{"start":{"line":119,"column":0},"end":{"line":119,"column":21}}},"fnMap":{"0":{"name":"(anonymous_0)","decl":{"start":{"line":33,"column":8},"end":{"line":33,"column":9}},"loc":{"start":{"line":33,"column":28},"end":{"line":40,"column":1}},"line":33},"1":{"name":"(anonymous_1)","decl":{"start":{"line":34,"column":19},"end":{"line":34,"column":20}},"loc":{"start":{"line":34,"column":25},"end":{"line":38,"column":3}},"line":34},"2":{"name":"(anonymous_2)","decl":{"start":{"line":42,"column":19},"end":{"line":42,"column":20}},"loc":{"start":{"line":42,"column":33},"end":{"line":48,"column":1}},"line":42},"3":{"name":"(anonymous_3)","decl":{"start":{"line":50,"column":20},"end":{"line":50,"column":21}},"loc":{"start":{"line":50,"column":40},"end":{"line":53,"column":1}},"line":50},"4":{"name":"(anonymous_4)","decl":{"start":{"line":89,"column":8},"end":{"line":89,"column":9}},"loc":{"start":{"line":89,"column":28},"end":{"line":93,"column":1}},"line":89},"5":{"name":"(anonymous_5)","decl":{"start":{"line":96,"column":13},"end":{"line":96,"column":14}},"loc":{"start":{"line":96,"column":27},"end":{"line":100,"column":1}},"line":96},"6":{"name":"(anonymous_6)","decl":{"start":{"line":102,"column":20},"end":{"line":102,"column":21}},"loc":{"start":{"line":102,"column":34},"end":{"line":102,"column":86}},"line":102},"7":{"name":"(anonymous_7)","decl":{"start":{"line":103,"column":21},"end":{"line":103,"column":22}},"loc":{"start":{"line":103,"column":35},"end":{"line":103,"column":89}},"line":103},"8":{"name":"(anonymous_8)","decl":{"start":{"line":104,"column":20},"end":{"line":104,"column":21}},"loc":{"start":{"line":104,"column":34},"end":{"line":104,"column":86}},"line":104},"9":{"name":"(anonymous_9)","decl":{"start":{"line":106,"column":18},"end":{"line":106,"column":19}},"loc":{"start":{"line":106,"column":32},"end":{"line":109,"column":1}},"line":106},"10":{"name":"(anonymous_10)","decl":{"start":{"line":111,"column":28},"end":{"line":111,"column":29}},"loc":{"start":{"line":111,"column":42},"end":{"line":113,"column":1}},"line":111},"11":{"name":"(anonymous_11)","decl":{"start":{"line":117,"column":8},"end":{"line":117,"column":9}},"loc":{"start":{"line":117,"column":22},"end":{"line":117,"column":55}},"line":117}},"branchMap":{"0":{"loc":{"start":{"line":68,"column":10},"end":{"line":68,"column":53}},"type":"binary-expr","locations":[{"start":{"line":68,"column":10},"end":{"line":68,"column":36}},{"start":{"line":68,"column":40},"end":{"line":68,"column":53}}],"line":68},"1":{"loc":{"start":{"line":80,"column":0},"end":{"line":84,"column":1}},"type":"if","locations":[{"start":{"line":80,"column":0},"end":{"line":84,"column":1}},{"start":{},"end":{}}],"line":80},"2":{"loc":{"start":{"line":98,"column":18},"end":{"line":98,"column":93}},"type":"binary-expr","locations":[{"start":{"line":98,"column":18},"end":{"line":98,"column":43}},{"start":{"line":98,"column":47},"end":{"line":98,"column":93}}],"line":98}},"s":{"0":1,"1":1,"2":1,"3":1,"4":1,"5":1,"6":1,"7":1,"8":1,"9":1,"10":1,"11":1,"12":1,"13":1,"14":1,"15":1,"16":1,"17":1,"18":2,"19":2,"20":2,"21":1,"22":1,"23":1,"24":1,"25":1,"26":1,"27":1,"28":1,"29":1,"30":1,"31":1,"32":1,"33":1,"34":1,"35":0,"36":1,"37":1,"38":0,"39":0,"40":0,"41":1,"42":0,"43":1,"44":0,"45":1,"46":0,"47":1,"48":0,"49":1,"50":0,"51":0,"52":1,"53":0,"54":1,"55":1,"56":1,"57":0,"58":1},"f":{"0":2,"1":2,"2":1,"3":1,"4":0,"5":0,"6":0,"7":0,"8":0,"9":0,"10":0,"11":0},"b":{"0":[1,0],"1":[0,1],"2":[0,0]},"_coverageSchema":"1a1c01bbd47fc00a2c39e90264f33305004495a9","hash":"5abea6bf438d30566bb81c60d1bc5e284a23e759"}
,"E:\\sit753_hd\\middleware\\requireAdmin.js": {"path":"E:\\sit753_hd\\middleware\\requireAdmin.js","statementMap":{"0":{"start":{"line":1,"column":0},"end":{"line":4,"column":2}},"1":{"start":{"line":2,"column":2},"end":{"line":2,"column":60}},"2":{"start":{"line":2,"column":46},"end":{"line":2,"column":60}},"3":{"start":{"line":3,"column":2},"end":{"line":3,"column":42}}},"fnMap":{"0":{"name":"requireAdmin","decl":{"start":{"line":1,"column":26},"end":{"line":1,"column":38}},"loc":{"start":{"line":1,"column":55},"end":{"line":4,"column":1}},"line":1}},"branchMap":{"0":{"loc":{"start":{"line":2,"column":2},"end":{"line":2,"column":60}},"type":"if","locations":[{"start":{"line":2,"column":2},"end":{"line":2,"column":60}},{"start":{},"end":{}}],"line":2},"1":{"loc":{"start":{"line":2,"column":6},"end":{"line":2,"column":44}},"type":"binary-expr","locations":[{"start":{"line":2,"column":6},"end":{"line":2,"column":17}},{"start":{"line":2,"column":21},"end":{"line":2,"column":44}}],"line":2}},"s":{"0":1,"1":0,"2":0,"3":0},"f":{"0":0},"b":{"0":[0,0],"1":[0,0]},"_coverageSchema":"1a1c01bbd47fc00a2c39e90264f33305004495a9","hash":"1aad7529b56a2f724c096620ffb4758684ae6f28"}
,"E:\\sit753_hd\\middleware\\upload.js": {"path":"E:\\sit753_hd\\middleware\\upload.js","statementMap":{"0":{"start":{"line":1,"column":15},"end":{"line":1,"column":32}},"1":{"start":{"line":2,"column":13},"end":{"line":2,"column":28}},"2":{"start":{"line":3,"column":11},"end":{"line":3,"column":24}},"3":{"start":{"line":5,"column":19},"end":{"line":5,"column":66}},"4":{"start":{"line":8,"column":0},"end":{"line":10,"column":1}},"5":{"start":{"line":9,"column":2},"end":{"line":9,"column":48}},"6":{"start":{"line":12,"column":16},"end":{"line":20,"column":2}},"7":{"start":{"line":14,"column":4},"end":{"line":14,"column":25}},"8":{"start":{"line":17,"column":19},"end":{"line":17,"column":69}},"9":{"start":{"line":18,"column":4},"end":{"line":18,"column":55}},"10":{"start":{"line":22,"column":19},"end":{"line":30,"column":1}},"11":{"start":{"line":23,"column":21},"end":{"line":23,"column":63}},"12":{"start":{"line":24,"column":14},"end":{"line":24,"column":59}},"13":{"start":{"line":25,"column":2},"end":{"line":29,"column":3}},"14":{"start":{"line":26,"column":4},"end":{"line":26,"column":19}},"15":{"start":{"line":28,"column":4},"end":{"line":28,"column":50}},"16":{"start":{"line":32,"column":0},"end":{"line":32,"column":49}}},"fnMap":{"0":{"name":"(anonymous_0)","decl":{"start":{"line":13,"column":15},"end":{"line":13,"column":16}},"loc":{"start":{"line":13,"column":40},"end":{"line":15,"column":3}},"line":13},"1":{"name":"(anonymous_1)","decl":{"start":{"line":16,"column":12},"end":{"line":16,"column":13}},"loc":{"start":{"line":16,"column":37},"end":{"line":19,"column":3}},"line":16},"2":{"name":"(anonymous_2)","decl":{"start":{"line":22,"column":19},"end":{"line":22,"column":20}},"loc":{"start":{"line":22,"column":38},"end":{"line":30,"column":1}},"line":22}},"branchMap":{"0":{"loc":{"start":{"line":8,"column":0},"end":{"line":10,"column":1}},"type":"if","locations":[{"start":{"line":8,"column":0},"end":{"line":10,"column":1}},{"start":{},"end":{}}],"line":8},"1":{"loc":{"start":{"line":25,"column":2},"end":{"line":29,"column":3}},"type":"if","locations":[{"start":{"line":25,"column":2},"end":{"line":29,"column":3}},{"start":{"line":27,"column":9},"end":{"line":29,"column":3}}],"line":25}},"s":{"0":1,"1":1,"2":1,"3":1,"4":1,"5":0,"6":1,"7":0,"8":0,"9":0,"10":1,"11":0,"12":0,"13":0,"14":0,"15":0,"16":1},"f":{"0":0,"1":0,"2":0},"b":{"0":[0,1],"1":[0,0]},"_coverageSchema":"1a1c01bbd47fc00a2c39e90264f33305004495a9","hash":"eb69b9f01c50f99c177256d1327645f9b391431c"}
,"E:\\sit753_hd\\models\\AdminUser.js": {"path":"E:\\sit753_hd\\models\\AdminUser.js","statementMap":{"0":{"start":{"line":1,"column":17},"end":{"line":1,"column":36}},"1":{"start":{"line":3,"column":24},"end":{"line":9,"column":1}},"2":{"start":{"line":11,"column":0},"end":{"line":11,"column":62}}},"fnMap":{},"branchMap":{},"s":{"0":1,"1":1,"2":1},"f":{},"b":{},"_coverageSchema":"1a1c01bbd47fc00a2c39e90264f33305004495a9","hash":"56e03c79af3840488d324c048d40ad4cc6972b67"}
,"E:\\sit753_hd\\models\\blog.js": {"path":"E:\\sit753_hd\\models\\blog.js","statementMap":{"0":{"start":{"line":1,"column":17},"end":{"line":1,"column":36}},"1":{"start":{"line":3,"column":19},"end":{"line":14,"column":1}},"2":{"start":{"line":16,"column":0},"end":{"line":16,"column":52}}},"fnMap":{},"branchMap":{},"s":{"0":2,"1":2,"2":2},"f":{},"b":{},"_coverageSchema":"1a1c01bbd47fc00a2c39e90264f33305004495a9","hash":"ba5e5a274f66d4f46ab59157dc90f4fcecaa2325"}
,"E:\\sit753_hd\\routes\\adminRoutes.js": {"path":"E:\\sit753_hd\\routes\\adminRoutes.js","statementMap":{"0":{"start":{"line":1,"column":16},"end":{"line":1,"column":34}},"1":{"start":{"line":2,"column":15},"end":{"line":2,"column":34}},"2":{"start":{"line":3,"column":16},"end":{"line":3,"column":34}},"3":{"start":{"line":4,"column":21},"end":{"line":4,"column":45}},"4":{"start":{"line":6,"column":18},"end":{"line":6,"column":48}},"5":{"start":{"line":7,"column":13},"end":{"line":7,"column":38}},"6":{"start":{"line":8,"column":21},"end":{"line":8,"column":58}},"7":{"start":{"line":9,"column":15},"end":{"line":9,"column":46}},"8":{"start":{"line":11,"column":15},"end":{"line":11,"column":31}},"9":{"start":{"line":14,"column":2},"end":{"line":16,"column":3}},"10":{"start":{"line":15,"column":4},"end":{"line":15,"column":66}},"11":{"start":{"line":17,"column":2},"end":{"line":17,"column":52}},"12":{"start":{"line":21,"column":2},"end":{"line":29,"column":5}},"13":{"start":{"line":33,"column":0},"end":{"line":35,"column":3}},"14":{"start":{"line":34,"column":2},"end":{"line":34,"column":49}},"15":{"start":{"line":37,"column":0},"end":{"line":48,"column":3}},"16":{"start":{"line":38,"column":33},"end":{"line":38,"column":41}},"17":{"start":{"line":40,"column":15},"end":{"line":40,"column":59}},"18":{"start":{"line":41,"column":2},"end":{"line":41,"column":79}},"19":{"start":{"line":41,"column":13},"end":{"line":41,"column":79}},"20":{"start":{"line":43,"column":13},"end":{"line":43,"column":62}},"21":{"start":{"line":44,"column":2},"end":{"line":44,"column":77}},"22":{"start":{"line":44,"column":11},"end":{"line":44,"column":77}},"23":{"start":{"line":46,"column":2},"end":{"line":46,"column":48}},"24":{"start":{"line":47,"column":2},"end":{"line":47,"column":29}},"25":{"start":{"line":50,"column":0},"end":{"line":52,"column":3}},"26":{"start":{"line":51,"column":2},"end":{"line":51,"column":47}},"27":{"start":{"line":51,"column":28},"end":{"line":51,"column":45}},"28":{"start":{"line":55,"column":0},"end":{"line":58,"column":3}},"29":{"start":{"line":56,"column":16},"end":{"line":56,"column":66}},"30":{"start":{"line":57,"column":2},"end":{"line":57,"column":47}},"31":{"start":{"line":62,"column":0},"end":{"line":64,"column":3}},"32":{"start":{"line":63,"column":2},"end":{"line":63,"column":76}},"33":{"start":{"line":65,"column":0},"end":{"line":102,"column":3}},"34":{"start":{"line":66,"column":2},"end":{"line":101,"column":3}},"35":{"start":{"line":67,"column":82},"end":{"line":67,"column":90}},"36":{"start":{"line":69,"column":17},"end":{"line":69,"column":62}},"37":{"start":{"line":70,"column":17},"end":{"line":73,"column":22}},"38":{"start":{"line":72,"column":18},"end":{"line":72,"column":40}},"39":{"start":{"line":75,"column":18},"end":{"line":75,"column":39}},"40":{"start":{"line":77,"column":29},"end":{"line":77,"column":48}},"41":{"start":{"line":78,"column":4},"end":{"line":80,"column":5}},"42":{"start":{"line":79,"column":6},"end":{"line":79,"column":59}},"43":{"start":{"line":82,"column":4},"end":{"line":90,"column":7}},"44":{"start":{"line":92,"column":4},"end":{"line":92,"column":31}},"45":{"start":{"line":94,"column":2},"end":{"line":94,"column":53}},"46":{"start":{"line":96,"column":2},"end":{"line":100,"column":5}},"47":{"start":{"line":106,"column":0},"end":{"line":110,"column":3}},"48":{"start":{"line":107,"column":15},"end":{"line":107,"column":56}},"49":{"start":{"line":108,"column":2},"end":{"line":108,"column":47}},"50":{"start":{"line":108,"column":13},"end":{"line":108,"column":47}},"51":{"start":{"line":109,"column":2},"end":{"line":109,"column":68}},"52":{"start":{"line":113,"column":0},"end":{"line":156,"column":3}},"53":{"start":{"line":114,"column":2},"end":{"line":155,"column":3}},"54":{"start":{"line":115,"column":82},"end":{"line":115,"column":90}},"55":{"start":{"line":117,"column":17},"end":{"line":117,"column":62}},"56":{"start":{"line":118,"column":17},"end":{"line":121,"column":22}},"57":{"start":{"line":120,"column":18},"end":{"line":120,"column":40}},"58":{"start":{"line":123,"column":18},"end":{"line":123,"column":39}},"59":{"start":{"line":125,"column":29},"end":{"line":125,"column":48}},"60":{"start":{"line":126,"column":4},"end":{"line":128,"column":5}},"61":{"start":{"line":127,"column":6},"end":{"line":127,"column":59}},"62":{"start":{"line":131,"column":4},"end":{"line":134,"column":5}},"63":{"start":{"line":132,"column":27},"end":{"line":132,"column":68}},"64":{"start":{"line":133,"column":6},"end":{"line":133,"column":61}},"65":{"start":{"line":136,"column":4},"end":{"line":144,"column":7}},"66":{"start":{"line":146,"column":4},"end":{"line":146,"column":31}},"67":{"start":{"line":148,"column":2},"end":{"line":148,"column":53}},"68":{"start":{"line":150,"column":2},"end":{"line":154,"column":5}},"69":{"start":{"line":159,"column":0},"end":{"line":162,"column":3}},"70":{"start":{"line":160,"column":2},"end":{"line":160,"column":46}},"71":{"start":{"line":161,"column":2},"end":{"line":161,"column":29}},"72":{"start":{"line":164,"column":0},"end":{"line":164,"column":24}}},"fnMap":{"0":{"name":"parsePublished","decl":{"start":{"line":13,"column":9},"end":{"line":13,"column":23}},"loc":{"start":{"line":13,"column":35},"end":{"line":18,"column":1}},"line":13},"1":{"name":"sanitize","decl":{"start":{"line":20,"column":9},"end":{"line":20,"column":17}},"loc":{"start":{"line":20,"column":27},"end":{"line":30,"column":1}},"line":20},"2":{"name":"(anonymous_2)","decl":{"start":{"line":33,"column":21},"end":{"line":33,"column":22}},"loc":{"start":{"line":33,"column":35},"end":{"line":35,"column":1}},"line":33},"3":{"name":"(anonymous_3)","decl":{"start":{"line":37,"column":22},"end":{"line":37,"column":23}},"loc":{"start":{"line":37,"column":42},"end":{"line":48,"column":1}},"line":37},"4":{"name":"(anonymous_4)","decl":{"start":{"line":50,"column":23},"end":{"line":50,"column":24}},"loc":{"start":{"line":50,"column":37},"end":{"line":52,"column":1}},"line":50},"5":{"name":"(anonymous_5)","decl":{"start":{"line":51,"column":22},"end":{"line":51,"column":23}},"loc":{"start":{"line":51,"column":28},"end":{"line":51,"column":45}},"line":51},"6":{"name":"(anonymous_6)","decl":{"start":{"line":55,"column":30},"end":{"line":55,"column":31}},"loc":{"start":{"line":55,"column":50},"end":{"line":58,"column":1}},"line":55},"7":{"name":"(anonymous_7)","decl":{"start":{"line":62,"column":33},"end":{"line":62,"column":34}},"loc":{"start":{"line":62,"column":47},"end":{"line":64,"column":1}},"line":62},"8":{"name":"(anonymous_8)","decl":{"start":{"line":65,"column":63},"end":{"line":65,"column":64}},"loc":{"start":{"line":65,"column":83},"end":{"line":102,"column":1}},"line":65},"9":{"name":"(anonymous_9)","decl":{"start":{"line":72,"column":11},"end":{"line":72,"column":12}},"loc":{"start":{"line":72,"column":18},"end":{"line":72,"column":40}},"line":72},"10":{"name":"(anonymous_10)","decl":{"start":{"line":106,"column":38},"end":{"line":106,"column":39}},"loc":{"start":{"line":106,"column":58},"end":{"line":110,"column":1}},"line":106},"11":{"name":"(anonymous_11)","decl":{"start":{"line":113,"column":68},"end":{"line":113,"column":69}},"loc":{"start":{"line":113,"column":88},"end":{"line":156,"column":1}},"line":113},"12":{"name":"(anonymous_12)","decl":{"start":{"line":120,"column":11},"end":{"line":120,"column":12}},"loc":{"start":{"line":120,"column":18},"end":{"line":120,"column":40}},"line":120},"13":{"name":"(anonymous_13)","decl":{"start":{"line":159,"column":43},"end":{"line":159,"column":44}},"loc":{"start":{"line":159,"column":63},"end":{"line":162,"column":1}},"line":159}},"branchMap":{"0":{"loc":{"start":{"line":14,"column":2},"end":{"line":16,"column":3}},"type":"if","locations":[{"start":{"line":14,"column":2},"end":{"line":16,"column":3}},{"start":{},"end":{}}],"line":14},"1":{"loc":{"start":{"line":15,"column":11},"end":{"line":15,"column":65}},"type":"binary-expr","locations":[{"start":{"line":15,"column":11},"end":{"line":15,"column":37}},{"start":{"line":15,"column":41},"end":{"line":15,"column":65}}],"line":15},"2":{"loc":{"start":{"line":17,"column":9},"end":{"line":17,"column":51}},"type":"binary-expr","locations":[{"start":{"line":17,"column":9},"end":{"line":17,"column":29}},{"start":{"line":17,"column":33},"end":{"line":17,"column":51}}],"line":17},"3":{"loc":{"start":{"line":41,"column":2},"end":{"line":41,"column":79}},"type":"if","locations":[{"start":{"line":41,"column":2},"end":{"line":41,"column":79}},{"start":{},"end":{}}],"line":41},"4":{"loc":{"start":{"line":44,"column":2},"end":{"line":44,"column":77}},"type":"if","locations":[{"start":{"line":44,"column":2},"end":{"line":44,"column":77}},{"start":{},"end":{}}],"line":44},"5":{"loc":{"start":{"line":70,"column":18},"end":{"line":70,"column":34}},"type":"binary-expr","locations":[{"start":{"line":70,"column":18},"end":{"line":70,"column":28}},{"start":{"line":70,"column":32},"end":{"line":70,"column":34}}],"line":70},"6":{"loc":{"start":{"line":77,"column":29},"end":{"line":77,"column":48}},"type":"binary-expr","locations":[{"start":{"line":77,"column":29},"end":{"line":77,"column":42}},{"start":{"line":77,"column":46},"end":{"line":77,"column":48}}],"line":77},"7":{"loc":{"start":{"line":78,"column":4},"end":{"line":80,"column":5}},"type":"if","locations":[{"start":{"line":78,"column":4},"end":{"line":80,"column":5}},{"start":{},"end":{}}],"line":78},"8":{"loc":{"start":{"line":108,"column":2},"end":{"line":108,"column":47}},"type":"if","locations":[{"start":{"line":108,"column":2},"end":{"line":108,"column":47}},{"start":{},"end":{}}],"line":108},"9":{"loc":{"start":{"line":118,"column":18},"end":{"line":118,"column":34}},"type":"binary-expr","locations":[{"start":{"line":118,"column":18},"end":{"line":118,"column":28}},{"start":{"line":118,"column":32},"end":{"line":118,"column":34}}],"line":118},"10":{"loc":{"start":{"line":125,"column":29},"end":{"line":125,"column":48}},"type":"binary-expr","locations":[{"start":{"line":125,"column":29},"end":{"line":125,"column":42}},{"start":{"line":125,"column":46},"end":{"line":125,"column":48}}],"line":125},"11":{"loc":{"start":{"line":126,"column":4},"end":{"line":128,"column":5}},"type":"if","locations":[{"start":{"line":126,"column":4},"end":{"line":128,"column":5}},{"start":{},"end":{}}],"line":126},"12":{"loc":{"start":{"line":131,"column":4},"end":{"line":134,"column":5}},"type":"if","locations":[{"start":{"line":131,"column":4},"end":{"line":134,"column":5}},{"start":{},"end":{}}],"line":131},"13":{"loc":{"start":{"line":133,"column":27},"end":{"line":133,"column":60}},"type":"binary-expr","locations":[{"start":{"line":133,"column":27},"end":{"line":133,"column":54}},{"start":{"line":133,"column":58},"end":{"line":133,"column":60}}],"line":133}},"s":{"0":1,"1":1,"2":1,"3":1,"4":1,"5":1,"6":1,"7":1,"8":1,"9":0,"10":0,"11":0,"12":0,"13":1,"14":0,"15":1,"16":0,"17":0,"18":0,"19":0,"20":0,"21":0,"22":0,"23":0,"24":0,"25":1,"26":0,"27":0,"28":1,"29":0,"30":0,"31":1,"32":0,"33":1,"34":0,"35":0,"36":0,"37":0,"38":0,"39":0,"40":0,"41":0,"42":0,"43":0,"44":0,"45":0,"46":0,"47":1,"48":0,"49":0,"50":0,"51":0,"52":1,"53":0,"54":0,"55":0,"56":0,"57":0,"58":0,"59":0,"60":0,"61":0,"62":0,"63":0,"64":0,"65":0,"66":0,"67":0,"68":0,"69":1,"70":0,"71":0,"72":1},"f":{"0":0,"1":0,"2":0,"3":0,"4":0,"5":0,"6":0,"7":0,"8":0,"9":0,"10":0,"11":0,"12":0,"13":0},"b":{"0":[0,0],"1":[0,0],"2":[0,0],"3":[0,0],"4":[0,0],"5":[0,0],"6":[0,0],"7":[0,0],"8":[0,0],"9":[0,0],"10":[0,0],"11":[0,0],"12":[0,0],"13":[0,0]},"_coverageSchema":"1a1c01bbd47fc00a2c39e90264f33305004495a9","hash":"1157814345202651d99fd0e98222df91a15a3cad"}
,"E:\\sit753_hd\\routes\\blogRoutes.js": {"path":"E:\\sit753_hd\\routes\\blogRoutes.js","statementMap":{"0":{"start":{"line":1,"column":16},"end":{"line":1,"column":34}},"1":{"start":{"line":2,"column":13},"end":{"line":2,"column":38}},"2":{"start":{"line":4,"column":15},"end":{"line":4,"column":31}},"3":{"start":{"line":6,"column":0},"end":{"line":42,"column":3}},"4":{"start":{"line":7,"column":19},"end":{"line":7,"column":66}},"5":{"start":{"line":8,"column":12},"end":{"line":8,"column":38}},"6":{"start":{"line":9,"column":15},"end":{"line":9,"column":38}},"7":{"start":{"line":11,"column":17},"end":{"line":11,"column":36}},"8":{"start":{"line":13,"column":2},"end":{"line":13,"column":45}},"9":{"start":{"line":13,"column":16},"end":{"line":13,"column":45}},"10":{"start":{"line":14,"column":2},"end":{"line":14,"column":87}},"11":{"start":{"line":14,"column":9},"end":{"line":14,"column":87}},"12":{"start":{"line":16,"column":18},"end":{"line":20,"column":3}},"13":{"start":{"line":22,"column":31},"end":{"line":30,"column":4}},"14":{"start":{"line":32,"column":21},"end":{"line":32,"column":78}},"15":{"start":{"line":32,"column":45},"end":{"line":32,"column":76}},"16":{"start":{"line":34,"column":2},"end":{"line":41,"column":5}},"17":{"start":{"line":44,"column":0},"end":{"line":84,"column":3}},"18":{"start":{"line":45,"column":15},"end":{"line":45,"column":84}},"19":{"start":{"line":47,"column":2},"end":{"line":53,"column":3}},"20":{"start":{"line":48,"column":4},"end":{"line":52,"column":7}},"21":{"start":{"line":56,"column":21},"end":{"line":56,"column":23}},"22":{"start":{"line":57,"column":2},"end":{"line":66,"column":3}},"23":{"start":{"line":58,"column":4},"end":{"line":65,"column":14}},"24":{"start":{"line":69,"column":2},"end":{"line":77,"column":3}},"25":{"start":{"line":70,"column":4},"end":{"line":76,"column":14}},"26":{"start":{"line":79,"column":2},"end":{"line":83,"column":5}},"27":{"start":{"line":86,"column":0},"end":{"line":86,"column":24}}},"fnMap":{"0":{"name":"(anonymous_0)","decl":{"start":{"line":6,"column":16},"end":{"line":6,"column":17}},"loc":{"start":{"line":6,"column":36},"end":{"line":42,"column":1}},"line":6},"1":{"name":"(anonymous_1)","decl":{"start":{"line":32,"column":37},"end":{"line":32,"column":38}},"loc":{"start":{"line":32,"column":45},"end":{"line":32,"column":76}},"line":32},"2":{"name":"(anonymous_2)","decl":{"start":{"line":44,"column":21},"end":{"line":44,"column":22}},"loc":{"start":{"line":44,"column":41},"end":{"line":84,"column":1}},"line":44}},"branchMap":{"0":{"loc":{"start":{"line":7,"column":20},"end":{"line":7,"column":44}},"type":"binary-expr","locations":[{"start":{"line":7,"column":20},"end":{"line":7,"column":38}},{"start":{"line":7,"column":42},"end":{"line":7,"column":44}}],"line":7},"1":{"loc":{"start":{"line":8,"column":13},"end":{"line":8,"column":30}},"type":"binary-expr","locations":[{"start":{"line":8,"column":13},"end":{"line":8,"column":24}},{"start":{"line":8,"column":28},"end":{"line":8,"column":30}}],"line":8},"2":{"loc":{"start":{"line":9,"column":15},"end":{"line":9,"column":38}},"type":"binary-expr","locations":[{"start":{"line":9,"column":15},"end":{"line":9,"column":29}},{"start":{"line":9,"column":33},"end":{"line":9,"column":38}}],"line":9},"3":{"loc":{"start":{"line":13,"column":2},"end":{"line":13,"column":45}},"type":"if","locations":[{"start":{"line":13,"column":2},"end":{"line":13,"column":45}},{"start":{},"end":{}}],"line":13},"4":{"loc":{"start":{"line":14,"column":2},"end":{"line":14,"column":87}},"type":"if","locations":[{"start":{"line":14,"column":2},"end":{"line":14,"column":87}},{"start":{},"end":{}}],"line":14},"5":{"loc":{"start":{"line":23,"column":27},"end":{"line":23,"column":55}},"type":"binary-expr","locations":[{"start":{"line":23,"column":27},"end":{"line":23,"column":40}},{"start":{"line":23,"column":44},"end":{"line":23,"column":55}}],"line":23},"6":{"loc":{"start":{"line":47,"column":2},"end":{"line":53,"column":3}},"type":"if","locations":[{"start":{"line":47,"column":2},"end":{"line":53,"column":3}},{"start":{},"end":{}}],"line":47},"7":{"loc":{"start":{"line":57,"column":2},"end":{"line":66,"column":3}},"type":"if","locations":[{"start":{"line":57,"column":2},"end":{"line":66,"column":3}},{"start":{},"end":{}}],"line":57},"8":{"loc":{"start":{"line":57,"column":6},"end":{"line":57,"column":47}},"type":"binary-expr","locations":[{"start":{"line":57,"column":6},"end":{"line":57,"column":21}},{"start":{"line":57,"column":25},"end":{"line":57,"column":47}}],"line":57},"9":{"loc":{"start":{"line":69,"column":2},"end":{"line":77,"column":3}},"type":"if","locations":[{"start":{"line":69,"column":2},"end":{"line":77,"column":3}},{"start":{},"end":{}}],"line":69}},"s":{"0":1,"1":1,"2":1,"3":1,"4":0,"5":0,"6":0,"7":0,"8":0,"9":0,"10":0,"11":0,"12":0,"13":0,"14":0,"15":0,"16":0,"17":1,"18":0,"19":0,"20":0,"21":0,"22":0,"23":0,"24":0,"25":0,"26":0,"27":1},"f":{"0":0,"1":0,"2":0},"b":{"0":[0,0],"1":[0,0],"2":[0,0],"3":[0,0],"4":[0,0],"5":[0,0],"6":[0,0],"7":[0,0],"8":[0,0],"9":[0,0]},"_coverageSchema":"1a1c01bbd47fc00a2c39e90264f33305004495a9","hash":"aff95626e008a68ce4abc1672474a3dbf3f45cfc"}
}
