{"E:\\sit753_hd\\app.js": {"path":"E:\\sit753_hd\\app.js","statementMap":{"0":{"start":{"line":1,"column":16},"end":{"line":1,"column":34}},"1":{"start":{"line":2,"column":13},"end":{"line":2,"column":28}},"2":{"start":{"line":3,"column":16},"end":{"line":3,"column":30}},"3":{"start":{"line":5,"column":15},"end":{"line":5,"column":32}},"4":{"start":{"line":6,"column":16},"end":{"line":6,"column":42}},"5":{"start":{"line":7,"column":23},"end":{"line":7,"column":47}},"6":{"start":{"line":8,"column":23},"end":{"line":8,"column":49}},"7":{"start":{"line":9,"column":15},"end":{"line":9,"column":32}},"8":{"start":{"line":10,"column":15},"end":{"line":10,"column":37}},"9":{"start":{"line":12,"column":0},"end":{"line":12,"column":16}},"10":{"start":{"line":14,"column":30},"end":{"line":14,"column":76}},"11":{"start":{"line":17,"column":2},"end":{"line":21,"column":3}},"12":{"start":{"line":18,"column":4},"end":{"line":18,"column":82}},"13":{"start":{"line":20,"column":4},"end":{"line":20,"column":33}},"14":{"start":{"line":25,"column":2},"end":{"line":25,"column":43}},"15":{"start":{"line":29,"column":19},"end":{"line":29,"column":45}},"16":{"start":{"line":30,"column":2},"end":{"line":30,"column":45}},"17":{"start":{"line":31,"column":2},"end":{"line":31,"column":71}},"18":{"start":{"line":32,"column":2},"end":{"line":32,"column":69}},"19":{"start":{"line":33,"column":2},"end":{"line":33,"column":63}},"20":{"start":{"line":34,"column":2},"end":{"line":34,"column":29}},"21":{"start":{"line":37,"column":12},"end":{"line":37,"column":21}},"22":{"start":{"line":39,"column":0},"end":{"line":59,"column":2}},"23":{"start":{"line":61,"column":0},"end":{"line":61,"column":30}},"24":{"start":{"line":62,"column":0},"end":{"line":62,"column":48}},"25":{"start":{"line":64,"column":0},"end":{"line":64,"column":56}},"26":{"start":{"line":65,"column":0},"end":{"line":65,"column":79}},"27":{"start":{"line":67,"column":19},"end":{"line":67,"column":49}},"28":{"start":{"line":68,"column":20},"end":{"line":68,"column":51}},"29":{"start":{"line":71,"column":17},"end":{"line":71,"column":38}},"30":{"start":{"line":73,"column":0},"end":{"line":73,"column":43}},"31":{"start":{"line":75,"column":27},"end":{"line":79,"column":2}},"32":{"start":{"line":81,"column":0},"end":{"line":81,"column":44}},"33":{"start":{"line":83,"column":0},"end":{"line":90,"column":3}},"34":{"start":{"line":84,"column":2},"end":{"line":88,"column":5}},"35":{"start":{"line":85,"column":4},"end":{"line":87,"column":13}},"36":{"start":{"line":89,"column":2},"end":{"line":89,"column":9}},"37":{"start":{"line":92,"column":0},"end":{"line":98,"column":3}},"38":{"start":{"line":93,"column":2},"end":{"line":97,"column":5}},"39":{"start":{"line":100,"column":0},"end":{"line":103,"column":3}},"40":{"start":{"line":101,"column":2},"end":{"line":101,"column":48}},"41":{"start":{"line":102,"column":2},"end":{"line":102,"column":36}},"42":{"start":{"line":108,"column":0},"end":{"line":108,"column":48}},"43":{"start":{"line":109,"column":0},"end":{"line":109,"column":24}},"44":{"start":{"line":110,"column":0},"end":{"line":110,"column":35}},"45":{"start":{"line":113,"column":23},"end":{"line":122,"column":1}},"46":{"start":{"line":126,"column":0},"end":{"line":130,"column":1}},"47":{"start":{"line":127,"column":2},"end":{"line":129,"column":5}},"48":{"start":{"line":132,"column":0},"end":{"line":132,"column":33}},"49":{"start":{"line":135,"column":0},"end":{"line":139,"column":3}},"50":{"start":{"line":136,"column":2},"end":{"line":136,"column":29}},"51":{"start":{"line":137,"column":2},"end":{"line":137,"column":29}},"52":{"start":{"line":138,"column":2},"end":{"line":138,"column":9}},"53":{"start":{"line":142,"column":0},"end":{"line":149,"column":3}},"54":{"start":{"line":143,"column":23},"end":{"line":143,"column":40}},"55":{"start":{"line":144,"column":2},"end":{"line":148,"column":5}},"56":{"start":{"line":151,"column":0},"end":{"line":151,"column":88}},"57":{"start":{"line":151,"column":34},"end":{"line":151,"column":86}},"58":{"start":{"line":152,"column":0},"end":{"line":152,"column":89}},"59":{"start":{"line":152,"column":35},"end":{"line":152,"column":87}},"60":{"start":{"line":153,"column":0},"end":{"line":153,"column":91}},"61":{"start":{"line":153,"column":35},"end":{"line":153,"column":89}},"62":{"start":{"line":154,"column":0},"end":{"line":154,"column":88}},"63":{"start":{"line":154,"column":34},"end":{"line":154,"column":86}},"64":{"start":{"line":156,"column":0},"end":{"line":159,"column":3}},"65":{"start":{"line":157,"column":20},"end":{"line":157,"column":46}},"66":{"start":{"line":158,"column":2},"end":{"line":158,"column":33}},"67":{"start":{"line":161,"column":0},"end":{"line":163,"column":3}},"68":{"start":{"line":162,"column":2},"end":{"line":162,"column":38}},"69":{"start":{"line":165,"column":0},"end":{"line":165,"column":30}},"70":{"start":{"line":166,"column":0},"end":{"line":166,"column":35}},"71":{"start":{"line":167,"column":0},"end":{"line":167,"column":57}},"72":{"start":{"line":167,"column":22},"end":{"line":167,"column":55}},"73":{"start":{"line":169,"column":0},"end":{"line":169,"column":21}}},"fnMap":{"0":{"name":"getStreamlitUrl","decl":{"start":{"line":16,"column":9},"end":{"line":16,"column":24}},"loc":{"start":{"line":16,"column":27},"end":{"line":22,"column":1}},"line":16},"1":{"name":"getStreamlitOrigin","decl":{"start":{"line":24,"column":9},"end":{"line":24,"column":27}},"loc":{"start":{"line":24,"column":30},"end":{"line":26,"column":1}},"line":24},"2":{"name":"getStreamlitEmbedUrl","decl":{"start":{"line":28,"column":9},"end":{"line":28,"column":29}},"loc":{"start":{"line":28,"column":32},"end":{"line":35,"column":1}},"line":28},"3":{"name":"(anonymous_3)","decl":{"start":{"line":83,"column":8},"end":{"line":83,"column":9}},"loc":{"start":{"line":83,"column":28},"end":{"line":90,"column":1}},"line":83},"4":{"name":"(anonymous_4)","decl":{"start":{"line":84,"column":19},"end":{"line":84,"column":20}},"loc":{"start":{"line":84,"column":25},"end":{"line":88,"column":3}},"line":84},"5":{"name":"(anonymous_5)","decl":{"start":{"line":92,"column":19},"end":{"line":92,"column":20}},"loc":{"start":{"line":92,"column":33},"end":{"line":98,"column":1}},"line":92},"6":{"name":"(anonymous_6)","decl":{"start":{"line":100,"column":20},"end":{"line":100,"column":21}},"loc":{"start":{"line":100,"column":40},"end":{"line":103,"column":1}},"line":100},"7":{"name":"(anonymous_7)","decl":{"start":{"line":135,"column":8},"end":{"line":135,"column":9}},"loc":{"start":{"line":135,"column":28},"end":{"line":139,"column":1}},"line":135},"8":{"name":"(anonymous_8)","decl":{"start":{"line":142,"column":13},"end":{"line":142,"column":14}},"loc":{"start":{"line":142,"column":27},"end":{"line":149,"column":1}},"line":142},"9":{"name":"(anonymous_9)","decl":{"start":{"line":151,"column":20},"end":{"line":151,"column":21}},"loc":{"start":{"line":151,"column":34},"end":{"line":151,"column":86}},"line":151},"10":{"name":"(anonymous_10)","decl":{"start":{"line":152,"column":21},"end":{"line":152,"column":22}},"loc":{"start":{"line":152,"column":35},"end":{"line":152,"column":87}},"line":152},"11":{"name":"(anonymous_11)","decl":{"start":{"line":153,"column":21},"end":{"line":153,"column":22}},"loc":{"start":{"line":153,"column":35},"end":{"line":153,"column":89}},"line":153},"12":{"name":"(anonymous_12)","decl":{"start":{"line":154,"column":20},"end":{"line":154,"column":21}},"loc":{"start":{"line":154,"column":34},"end":{"line":154,"column":86}},"line":154},"13":{"name":"(anonymous_13)","decl":{"start":{"line":156,"column":18},"end":{"line":156,"column":19}},"loc":{"start":{"line":156,"column":32},"end":{"line":159,"column":1}},"line":156},"14":{"name":"(anonymous_14)","decl":{"start":{"line":161,"column":28},"end":{"line":161,"column":29}},"loc":{"start":{"line":161,"column":42},"end":{"line":163,"column":1}},"line":161},"15":{"name":"(anonymous_15)","decl":{"start":{"line":167,"column":8},"end":{"line":167,"column":9}},"loc":{"start":{"line":167,"column":22},"end":{"line":167,"column":55}},"line":167}},"branchMap":{"0":{"loc":{"start":{"line":18,"column":19},"end":{"line":18,"column":69}},"type":"binary-expr","locations":[{"start":{"line":18,"column":19},"end":{"line":18,"column":44}},{"start":{"line":18,"column":48},"end":{"line":18,"column":69}}],"line":18},"1":{"loc":{"start":{"line":114,"column":10},"end":{"line":114,"column":53}},"type":"binary-expr","locations":[{"start":{"line":114,"column":10},"end":{"line":114,"column":36}},{"start":{"line":114,"column":40},"end":{"line":114,"column":53}}],"line":114},"2":{"loc":{"start":{"line":126,"column":0},"end":{"line":130,"column":1}},"type":"if","locations":[{"start":{"line":126,"column":0},"end":{"line":130,"column":1}},{"start":{},"end":{}}],"line":126}},"s":{"0":2,"1":2,"2":2,"3":2,"4":2,"5":2,"6":2,"7":2,"8":2,"9":2,"10":2,"11":6,"12":6,"13":0,"14":2,"15":2,"16":2,"17":2,"18":2,"19":2,"20":2,"21":2,"22":2,"23":2,"24":2,"25":2,"26":2,"27":2,"28":2,"29":2,"30":2,"31":2,"32":2,"33":2,"34":29,"35":29,"36":29,"37":2,"38":1,"39":2,"40":1,"41":1,"42":2,"43":2,"44":2,"45":2,"46":2,"47":0,"48":2,"49":2,"50":27,"51":27,"52":27,"53":2,"54":2,"55":2,"56":2,"57":1,"58":2,"59":0,"60":2,"61":1,"62":2,"63":1,"64":2,"65":1,"66":1,"67":2,"68":0,"69":2,"70":2,"71":2,"72":2,"73":2},"f":{"0":6,"1":2,"2":2,"3":29,"4":29,"5":1,"6":1,"7":27,"8":2,"9":1,"10":0,"11":1,"12":1,"13":1,"14":0,"15":2},"b":{"0":[6,6],"1":[2,0],"2":[0,2]},"_coverageSchema":"1a1c01bbd47fc00a2c39e90264f33305004495a9","hash":"61c808d44ff97d532937444c940059774ac5a83b"}
,"E:\\sit753_hd\\middleware\\requireAdmin.js": {"path":"E:\\sit753_hd\\middleware\\requireAdmin.js","statementMap":{"0":{"start":{"line":1,"column":0},"end":{"line":4,"column":2}},"1":{"start":{"line":2,"column":2},"end":{"line":2,"column":60}},"2":{"start":{"line":2,"column":46},"end":{"line":2,"column":60}},"3":{"start":{"line":3,"column":2},"end":{"line":3,"column":42}}},"fnMap":{"0":{"name":"requireAdmin","decl":{"start":{"line":1,"column":26},"end":{"line":1,"column":38}},"loc":{"start":{"line":1,"column":55},"end":{"line":4,"column":1}},"line":1}},"branchMap":{"0":{"loc":{"start":{"line":2,"column":2},"end":{"line":2,"column":60}},"type":"if","locations":[{"start":{"line":2,"column":2},"end":{"line":2,"column":60}},{"start":{},"end":{}}],"line":2},"1":{"loc":{"start":{"line":2,"column":6},"end":{"line":2,"column":44}},"type":"binary-expr","locations":[{"start":{"line":2,"column":6},"end":{"line":2,"column":17}},{"start":{"line":2,"column":21},"end":{"line":2,"column":44}}],"line":2}},"s":{"0":3,"1":9,"2":6,"3":3},"f":{"0":9},"b":{"0":[6,3],"1":[9,9]},"_coverageSchema":"1a1c01bbd47fc00a2c39e90264f33305004495a9","hash":"1aad7529b56a2f724c096620ffb4758684ae6f28"}
,"E:\\sit753_hd\\middleware\\upload.js": {"path":"E:\\sit753_hd\\middleware\\upload.js","statementMap":{"0":{"start":{"line":1,"column":15},"end":{"line":1,"column":32}},"1":{"start":{"line":2,"column":13},"end":{"line":2,"column":28}},"2":{"start":{"line":3,"column":11},"end":{"line":3,"column":24}},"3":{"start":{"line":5,"column":19},"end":{"line":5,"column":66}},"4":{"start":{"line":8,"column":0},"end":{"line":10,"column":1}},"5":{"start":{"line":9,"column":2},"end":{"line":9,"column":48}},"6":{"start":{"line":12,"column":16},"end":{"line":20,"column":2}},"7":{"start":{"line":14,"column":4},"end":{"line":14,"column":25}},"8":{"start":{"line":17,"column":19},"end":{"line":17,"column":69}},"9":{"start":{"line":18,"column":4},"end":{"line":18,"column":55}},"10":{"start":{"line":22,"column":19},"end":{"line":30,"column":1}},"11":{"start":{"line":23,"column":21},"end":{"line":23,"column":63}},"12":{"start":{"line":24,"column":14},"end":{"line":24,"column":59}},"13":{"start":{"line":25,"column":2},"end":{"line":29,"column":3}},"14":{"start":{"line":26,"column":4},"end":{"line":26,"column":19}},"15":{"start":{"line":28,"column":4},"end":{"line":28,"column":50}},"16":{"start":{"line":32,"column":0},"end":{"line":32,"column":49}}},"fnMap":{"0":{"name":"(anonymous_0)","decl":{"start":{"line":13,"column":15},"end":{"line":13,"column":16}},"loc":{"start":{"line":13,"column":40},"end":{"line":15,"column":3}},"line":13},"1":{"name":"(anonymous_1)","decl":{"start":{"line":16,"column":12},"end":{"line":16,"column":13}},"loc":{"start":{"line":16,"column":37},"end":{"line":19,"column":3}},"line":16},"2":{"name":"(anonymous_2)","decl":{"start":{"line":22,"column":19},"end":{"line":22,"column":20}},"loc":{"start":{"line":22,"column":38},"end":{"line":30,"column":1}},"line":22}},"branchMap":{"0":{"loc":{"start":{"line":8,"column":0},"end":{"line":10,"column":1}},"type":"if","locations":[{"start":{"line":8,"column":0},"end":{"line":10,"column":1}},{"start":{},"end":{}}],"line":8},"1":{"loc":{"start":{"line":25,"column":2},"end":{"line":29,"column":3}},"type":"if","locations":[{"start":{"line":25,"column":2},"end":{"line":29,"column":3}},{"start":{"line":27,"column":9},"end":{"line":29,"column":3}}],"line":25}},"s":{"0":2,"1":2,"2":2,"3":2,"4":2,"5":0,"6":2,"7":1,"8":1,"9":1,"10":2,"11":1,"12":1,"13":1,"14":1,"15":0,"16":2},"f":{"0":1,"1":1,"2":1},"b":{"0":[0,2],"1":[1,0]},"_coverageSchema":"1a1c01bbd47fc00a2c39e90264f33305004495a9","hash":"eb69b9f01c50f99c177256d1327645f9b391431c"}
,"E:\\sit753_hd\\models\\AdminUser.js": {"path":"E:\\sit753_hd\\models\\AdminUser.js","statementMap":{"0":{"start":{"line":1,"column":17},"end":{"line":1,"column":36}},"1":{"start":{"line":3,"column":24},"end":{"line":9,"column":1}},"2":{"start":{"line":11,"column":0},"end":{"line":11,"column":62}}},"fnMap":{},"branchMap":{},"s":{"0":2,"1":2,"2":2},"f":{},"b":{},"_coverageSchema":"1a1c01bbd47fc00a2c39e90264f33305004495a9","hash":"56e03c79af3840488d324c048d40ad4cc6972b67"}
,"E:\\sit753_hd\\models\\blog.js": {"path":"E:\\sit753_hd\\models\\blog.js","statementMap":{"0":{"start":{"line":1,"column":17},"end":{"line":1,"column":36}},"1":{"start":{"line":3,"column":19},"end":{"line":14,"column":1}},"2":{"start":{"line":16,"column":0},"end":{"line":16,"column":52}}},"fnMap":{},"branchMap":{},"s":{"0":3,"1":3,"2":3},"f":{},"b":{},"_coverageSchema":"1a1c01bbd47fc00a2c39e90264f33305004495a9","hash":"ba5e5a274f66d4f46ab59157dc90f4fcecaa2325"}
,"E:\\sit753_hd\\routes\\adminRoutes.js": {"path":"E:\\sit753_hd\\routes\\adminRoutes.js","statementMap":{"0":{"start":{"line":1,"column":16},"end":{"line":1,"column":34}},"1":{"start":{"line":2,"column":15},"end":{"line":2,"column":34}},"2":{"start":{"line":3,"column":16},"end":{"line":3,"column":34}},"3":{"start":{"line":4,"column":21},"end":{"line":4,"column":45}},"4":{"start":{"line":6,"column":18},"end":{"line":6,"column":48}},"5":{"start":{"line":7,"column":13},"end":{"line":7,"column":38}},"6":{"start":{"line":8,"column":21},"end":{"line":8,"column":58}},"7":{"start":{"line":9,"column":15},"end":{"line":9,"column":46}},"8":{"start":{"line":11,"column":15},"end":{"line":11,"column":31}},"9":{"start":{"line":14,"column":2},"end":{"line":16,"column":3}},"10":{"start":{"line":15,"column":4},"end":{"line":15,"column":66}},"11":{"start":{"line":17,"column":2},"end":{"line":17,"column":52}},"12":{"start":{"line":21,"column":2},"end":{"line":29,"column":5}},"13":{"start":{"line":33,"column":0},"end":{"line":35,"column":3}},"14":{"start":{"line":34,"column":2},"end":{"line":34,"column":49}},"15":{"start":{"line":37,"column":0},"end":{"line":48,"column":3}},"16":{"start":{"line":38,"column":33},"end":{"line":38,"column":41}},"17":{"start":{"line":40,"column":15},"end":{"line":40,"column":59}},"18":{"start":{"line":41,"column":2},"end":{"line":41,"column":79}},"19":{"start":{"line":41,"column":13},"end":{"line":41,"column":79}},"20":{"start":{"line":43,"column":13},"end":{"line":43,"column":62}},"21":{"start":{"line":44,"column":2},"end":{"line":44,"column":77}},"22":{"start":{"line":44,"column":11},"end":{"line":44,"column":77}},"23":{"start":{"line":46,"column":2},"end":{"line":46,"column":48}},"24":{"start":{"line":47,"column":2},"end":{"line":47,"column":29}},"25":{"start":{"line":50,"column":0},"end":{"line":52,"column":3}},"26":{"start":{"line":51,"column":2},"end":{"line":51,"column":47}},"27":{"start":{"line":51,"column":28},"end":{"line":51,"column":45}},"28":{"start":{"line":55,"column":0},"end":{"line":58,"column":3}},"29":{"start":{"line":56,"column":16},"end":{"line":56,"column":66}},"30":{"start":{"line":57,"column":2},"end":{"line":57,"column":47}},"31":{"start":{"line":62,"column":0},"end":{"line":64,"column":3}},"32":{"start":{"line":63,"column":2},"end":{"line":63,"column":76}},"33":{"start":{"line":65,"column":0},"end":{"line":102,"column":3}},"34":{"start":{"line":66,"column":2},"end":{"line":101,"column":3}},"35":{"start":{"line":67,"column":82},"end":{"line":67,"column":90}},"36":{"start":{"line":69,"column":17},"end":{"line":69,"column":62}},"37":{"start":{"line":70,"column":17},"end":{"line":73,"column":22}},"38":{"start":{"line":72,"column":18},"end":{"line":72,"column":40}},"39":{"start":{"line":75,"column":18},"end":{"line":75,"column":39}},"40":{"start":{"line":77,"column":29},"end":{"line":77,"column":48}},"41":{"start":{"line":78,"column":4},"end":{"line":80,"column":5}},"42":{"start":{"line":79,"column":6},"end":{"line":79,"column":59}},"43":{"start":{"line":82,"column":4},"end":{"line":90,"column":7}},"44":{"start":{"line":92,"column":4},"end":{"line":92,"column":31}},"45":{"start":{"line":94,"column":2},"end":{"line":94,"column":53}},"46":{"start":{"line":96,"column":2},"end":{"line":100,"column":5}},"47":{"start":{"line":106,"column":0},"end":{"line":110,"column":3}},"48":{"start":{"line":107,"column":15},"end":{"line":107,"column":56}},"49":{"start":{"line":108,"column":2},"end":{"line":108,"column":47}},"50":{"start":{"line":108,"column":13},"end":{"line":108,"column":47}},"51":{"start":{"line":109,"column":2},"end":{"line":109,"column":68}},"52":{"start":{"line":113,"column":0},"end":{"line":156,"column":3}},"53":{"start":{"line":114,"column":2},"end":{"line":155,"column":3}},"54":{"start":{"line":115,"column":82},"end":{"line":115,"column":90}},"55":{"start":{"line":117,"column":17},"end":{"line":117,"column":62}},"56":{"start":{"line":118,"column":17},"end":{"line":121,"column":22}},"57":{"start":{"line":120,"column":18},"end":{"line":120,"column":40}},"58":{"start":{"line":123,"column":18},"end":{"line":123,"column":39}},"59":{"start":{"line":125,"column":29},"end":{"line":125,"column":48}},"60":{"start":{"line":126,"column":4},"end":{"line":128,"column":5}},"61":{"start":{"line":127,"column":6},"end":{"line":127,"column":59}},"62":{"start":{"line":131,"column":4},"end":{"line":134,"column":5}},"63":{"start":{"line":132,"column":27},"end":{"line":132,"column":68}},"64":{"start":{"line":133,"column":6},"end":{"line":133,"column":61}},"65":{"start":{"line":136,"column":4},"end":{"line":144,"column":7}},"66":{"start":{"line":146,"column":4},"end":{"line":146,"column":31}},"67":{"start":{"line":148,"column":2},"end":{"line":148,"column":53}},"68":{"start":{"line":150,"column":2},"end":{"line":154,"column":5}},"69":{"start":{"line":159,"column":0},"end":{"line":162,"column":3}},"70":{"start":{"line":160,"column":2},"end":{"line":160,"column":46}},"71":{"start":{"line":161,"column":2},"end":{"line":161,"column":29}},"72":{"start":{"line":164,"column":0},"end":{"line":164,"column":24}}},"fnMap":{"0":{"name":"parsePublished","decl":{"start":{"line":13,"column":9},"end":{"line":13,"column":23}},"loc":{"start":{"line":13,"column":35},"end":{"line":18,"column":1}},"line":13},"1":{"name":"sanitize","decl":{"start":{"line":20,"column":9},"end":{"line":20,"column":17}},"loc":{"start":{"line":20,"column":27},"end":{"line":30,"column":1}},"line":20},"2":{"name":"(anonymous_2)","decl":{"start":{"line":33,"column":21},"end":{"line":33,"column":22}},"loc":{"start":{"line":33,"column":35},"end":{"line":35,"column":1}},"line":33},"3":{"name":"(anonymous_3)","decl":{"start":{"line":37,"column":22},"end":{"line":37,"column":23}},"loc":{"start":{"line":37,"column":42},"end":{"line":48,"column":1}},"line":37},"4":{"name":"(anonymous_4)","decl":{"start":{"line":50,"column":23},"end":{"line":50,"column":24}},"loc":{"start":{"line":50,"column":37},"end":{"line":52,"column":1}},"line":50},"5":{"name":"(anonymous_5)","decl":{"start":{"line":51,"column":22},"end":{"line":51,"column":23}},"loc":{"start":{"line":51,"column":28},"end":{"line":51,"column":45}},"line":51},"6":{"name":"(anonymous_6)","decl":{"start":{"line":55,"column":30},"end":{"line":55,"column":31}},"loc":{"start":{"line":55,"column":50},"end":{"line":58,"column":1}},"line":55},"7":{"name":"(anonymous_7)","decl":{"start":{"line":62,"column":33},"end":{"line":62,"column":34}},"loc":{"start":{"line":62,"column":47},"end":{"line":64,"column":1}},"line":62},"8":{"name":"(anonymous_8)","decl":{"start":{"line":65,"column":63},"end":{"line":65,"column":64}},"loc":{"start":{"line":65,"column":83},"end":{"line":102,"column":1}},"line":65},"9":{"name":"(anonymous_9)","decl":{"start":{"line":72,"column":11},"end":{"line":72,"column":12}},"loc":{"start":{"line":72,"column":18},"end":{"line":72,"column":40}},"line":72},"10":{"name":"(anonymous_10)","decl":{"start":{"line":106,"column":38},"end":{"line":106,"column":39}},"loc":{"start":{"line":106,"column":58},"end":{"line":110,"column":1}},"line":106},"11":{"name":"(anonymous_11)","decl":{"start":{"line":113,"column":68},"end":{"line":113,"column":69}},"loc":{"start":{"line":113,"column":88},"end":{"line":156,"column":1}},"line":113},"12":{"name":"(anonymous_12)","decl":{"start":{"line":120,"column":11},"end":{"line":120,"column":12}},"loc":{"start":{"line":120,"column":18},"end":{"line":120,"column":40}},"line":120},"13":{"name":"(anonymous_13)","decl":{"start":{"line":159,"column":43},"end":{"line":159,"column":44}},"loc":{"start":{"line":159,"column":63},"end":{"line":162,"column":1}},"line":159}},"branchMap":{"0":{"loc":{"start":{"line":14,"column":2},"end":{"line":16,"column":3}},"type":"if","locations":[{"start":{"line":14,"column":2},"end":{"line":16,"column":3}},{"start":{},"end":{}}],"line":14},"1":{"loc":{"start":{"line":15,"column":11},"end":{"line":15,"column":65}},"type":"binary-expr","locations":[{"start":{"line":15,"column":11},"end":{"line":15,"column":37}},{"start":{"line":15,"column":41},"end":{"line":15,"column":65}}],"line":15},"2":{"loc":{"start":{"line":17,"column":9},"end":{"line":17,"column":51}},"type":"binary-expr","locations":[{"start":{"line":17,"column":9},"end":{"line":17,"column":29}},{"start":{"line":17,"column":33},"end":{"line":17,"column":51}}],"line":17},"3":{"loc":{"start":{"line":41,"column":2},"end":{"line":41,"column":79}},"type":"if","locations":[{"start":{"line":41,"column":2},"end":{"line":41,"column":79}},{"start":{},"end":{}}],"line":41},"4":{"loc":{"start":{"line":44,"column":2},"end":{"line":44,"column":77}},"type":"if","locations":[{"start":{"line":44,"column":2},"end":{"line":44,"column":77}},{"start":{},"end":{}}],"line":44},"5":{"loc":{"start":{"line":70,"column":18},"end":{"line":70,"column":34}},"type":"binary-expr","locations":[{"start":{"line":70,"column":18},"end":{"line":70,"column":28}},{"start":{"line":70,"column":32},"end":{"line":70,"column":34}}],"line":70},"6":{"loc":{"start":{"line":77,"column":29},"end":{"line":77,"column":48}},"type":"binary-expr","locations":[{"start":{"line":77,"column":29},"end":{"line":77,"column":42}},{"start":{"line":77,"column":46},"end":{"line":77,"column":48}}],"line":77},"7":{"loc":{"start":{"line":78,"column":4},"end":{"line":80,"column":5}},"type":"if","locations":[{"start":{"line":78,"column":4},"end":{"line":80,"column":5}},{"start":{},"end":{}}],"line":78},"8":{"loc":{"start":{"line":108,"column":2},"end":{"line":108,"column":47}},"type":"if","locations":[{"start":{"line":108,"column":2},"end":{"line":108,"column":47}},{"start":{},"end":{}}],"line":108},"9":{"loc":{"start":{"line":118,"column":18},"end":{"line":118,"column":34}},"type":"binary-expr","locations":[{"start":{"line":118,"column":18},"end":{"line":118,"column":28}},{"start":{"line":118,"column":32},"end":{"line":118,"column":34}}],"line":118},"10":{"loc":{"start":{"line":125,"column":29},"end":{"line":125,"column":48}},"type":"binary-expr","locations":[{"start":{"line":125,"column":29},"end":{"line":125,"column":42}},{"start":{"line":125,"column":46},"end":{"line":125,"column":48}}],"line":125},"11":{"loc":{"start":{"line":126,"column":4},"end":{"line":128,"column":5}},"type":"if","locations":[{"start":{"line":126,"column":4},"end":{"line":128,"column":5}},{"start":{},"end":{}}],"line":126},"12":{"loc":{"start":{"line":131,"column":4},"end":{"line":134,"column":5}},"type":"if","locations":[{"start":{"line":131,"column":4},"end":{"line":134,"column":5}},{"start":{},"end":{}}],"line":131},"13":{"loc":{"start":{"line":133,"column":27},"end":{"line":133,"column":60}},"type":"binary-expr","locations":[{"start":{"line":133,"column":27},"end":{"line":133,"column":54}},{"start":{"line":133,"column":58},"end":{"line":133,"column":60}}],"line":133}},"s":{"0":2,"1":2,"2":2,"3":2,"4":2,"5":2,"6":2,"7":2,"8":2,"9":3,"10":1,"11":2,"12":3,"13":2,"14":0,"15":2,"16":6,"17":6,"18":6,"19":0,"20":6,"21":6,"22":1,"23":5,"24":5,"25":2,"26":1,"27":1,"28":2,"29":1,"30":1,"31":2,"32":0,"33":2,"34":2,"35":2,"36":2,"37":2,"38":3,"39":2,"40":2,"41":2,"42":1,"43":2,"44":2,"45":0,"46":0,"47":2,"48":0,"49":0,"50":0,"51":0,"52":2,"53":1,"54":1,"55":1,"56":1,"57":1,"58":1,"59":1,"60":1,"61":0,"62":1,"63":1,"64":1,"65":1,"66":1,"67":0,"68":0,"69":2,"70":1,"71":1,"72":2},"f":{"0":3,"1":3,"2":0,"3":6,"4":1,"5":1,"6":1,"7":0,"8":2,"9":3,"10":0,"11":1,"12":1,"13":1},"b":{"0":[1,2],"1":[1,0],"2":[2,1],"3":[0,6],"4":[1,5],"5":[2,0],"6":[2,1],"7":[1,1],"8":[0,0],"9":[1,0],"10":[1,1],"11":[0,1],"12":[1,0],"13":[1,0]},"_coverageSchema":"1a1c01bbd47fc00a2c39e90264f33305004495a9","hash":"1157814345202651d99fd0e98222df91a15a3cad"}
,"E:\\sit753_hd\\routes\\blogRoutes.js": {"path":"E:\\sit753_hd\\routes\\blogRoutes.js","statementMap":{"0":{"start":{"line":1,"column":16},"end":{"line":1,"column":34}},"1":{"start":{"line":2,"column":13},"end":{"line":2,"column":38}},"2":{"start":{"line":4,"column":15},"end":{"line":4,"column":31}},"3":{"start":{"line":6,"column":0},"end":{"line":42,"column":3}},"4":{"start":{"line":7,"column":19},"end":{"line":7,"column":66}},"5":{"start":{"line":8,"column":12},"end":{"line":8,"column":38}},"6":{"start":{"line":9,"column":15},"end":{"line":9,"column":38}},"7":{"start":{"line":11,"column":17},"end":{"line":11,"column":36}},"8":{"start":{"line":13,"column":2},"end":{"line":13,"column":45}},"9":{"start":{"line":13,"column":16},"end":{"line":13,"column":45}},"10":{"start":{"line":14,"column":2},"end":{"line":14,"column":87}},"11":{"start":{"line":14,"column":9},"end":{"line":14,"column":87}},"12":{"start":{"line":16,"column":18},"end":{"line":20,"column":3}},"13":{"start":{"line":22,"column":31},"end":{"line":30,"column":4}},"14":{"start":{"line":32,"column":21},"end":{"line":32,"column":78}},"15":{"start":{"line":32,"column":45},"end":{"line":32,"column":76}},"16":{"start":{"line":34,"column":2},"end":{"line":41,"column":5}},"17":{"start":{"line":44,"column":0},"end":{"line":84,"column":3}},"18":{"start":{"line":45,"column":15},"end":{"line":45,"column":84}},"19":{"start":{"line":47,"column":2},"end":{"line":53,"column":3}},"20":{"start":{"line":48,"column":4},"end":{"line":52,"column":7}},"21":{"start":{"line":56,"column":21},"end":{"line":56,"column":23}},"22":{"start":{"line":57,"column":2},"end":{"line":66,"column":3}},"23":{"start":{"line":58,"column":4},"end":{"line":65,"column":14}},"24":{"start":{"line":69,"column":2},"end":{"line":77,"column":3}},"25":{"start":{"line":70,"column":4},"end":{"line":76,"column":14}},"26":{"start":{"line":79,"column":2},"end":{"line":83,"column":5}},"27":{"start":{"line":86,"column":0},"end":{"line":86,"column":24}}},"fnMap":{"0":{"name":"(anonymous_0)","decl":{"start":{"line":6,"column":16},"end":{"line":6,"column":17}},"loc":{"start":{"line":6,"column":36},"end":{"line":42,"column":1}},"line":6},"1":{"name":"(anonymous_1)","decl":{"start":{"line":32,"column":37},"end":{"line":32,"column":38}},"loc":{"start":{"line":32,"column":45},"end":{"line":32,"column":76}},"line":32},"2":{"name":"(anonymous_2)","decl":{"start":{"line":44,"column":21},"end":{"line":44,"column":22}},"loc":{"start":{"line":44,"column":41},"end":{"line":84,"column":1}},"line":44}},"branchMap":{"0":{"loc":{"start":{"line":7,"column":20},"end":{"line":7,"column":44}},"type":"binary-expr","locations":[{"start":{"line":7,"column":20},"end":{"line":7,"column":38}},{"start":{"line":7,"column":42},"end":{"line":7,"column":44}}],"line":7},"1":{"loc":{"start":{"line":8,"column":13},"end":{"line":8,"column":30}},"type":"binary-expr","locations":[{"start":{"line":8,"column":13},"end":{"line":8,"column":24}},{"start":{"line":8,"column":28},"end":{"line":8,"column":30}}],"line":8},"2":{"loc":{"start":{"line":9,"column":15},"end":{"line":9,"column":38}},"type":"binary-expr","locations":[{"start":{"line":9,"column":15},"end":{"line":9,"column":29}},{"start":{"line":9,"column":33},"end":{"line":9,"column":38}}],"line":9},"3":{"loc":{"start":{"line":13,"column":2},"end":{"line":13,"column":45}},"type":"if","locations":[{"start":{"line":13,"column":2},"end":{"line":13,"column":45}},{"start":{},"end":{}}],"line":13},"4":{"loc":{"start":{"line":14,"column":2},"end":{"line":14,"column":87}},"type":"if","locations":[{"start":{"line":14,"column":2},"end":{"line":14,"column":87}},{"start":{},"end":{}}],"line":14},"5":{"loc":{"start":{"line":23,"column":27},"end":{"line":23,"column":55}},"type":"binary-expr","locations":[{"start":{"line":23,"column":27},"end":{"line":23,"column":40}},{"start":{"line":23,"column":44},"end":{"line":23,"column":55}}],"line":23},"6":{"loc":{"start":{"line":47,"column":2},"end":{"line":53,"column":3}},"type":"if","locations":[{"start":{"line":47,"column":2},"end":{"line":53,"column":3}},{"start":{},"end":{}}],"line":47},"7":{"loc":{"start":{"line":57,"column":2},"end":{"line":66,"column":3}},"type":"if","locations":[{"start":{"line":57,"column":2},"end":{"line":66,"column":3}},{"start":{},"end":{}}],"line":57},"8":{"loc":{"start":{"line":57,"column":6},"end":{"line":57,"column":47}},"type":"binary-expr","locations":[{"start":{"line":57,"column":6},"end":{"line":57,"column":21}},{"start":{"line":57,"column":25},"end":{"line":57,"column":47}}],"line":57},"9":{"loc":{"start":{"line":69,"column":2},"end":{"line":77,"column":3}},"type":"if","locations":[{"start":{"line":69,"column":2},"end":{"line":77,"column":3}},{"start":{},"end":{}}],"line":69}},"s":{"0":2,"1":2,"2":2,"3":2,"4":2,"5":2,"6":2,"7":2,"8":2,"9":1,"10":2,"11":1,"12":2,"13":2,"14":2,"15":4,"16":2,"17":2,"18":3,"19":3,"20":2,"21":1,"22":1,"23":1,"24":1,"25":0,"26":1,"27":2},"f":{"0":2,"1":4,"2":3},"b":{"0":[2,1],"1":[2,1],"2":[2,1],"3":[1,1],"4":[1,1],"5":[2,0],"6":[2,1],"7":[1,0],"8":[1,1],"9":[0,1]},"_coverageSchema":"1a1c01bbd47fc00a2c39e90264f33305004495a9","hash":"aff95626e008a68ce4abc1672474a3dbf3f45cfc"}
}
