TN:
SF:app.js
FN:16,getStreamlitUrl
FN:24,getStreamlitOrigin
FN:28,getStreamlitEmbedUrl
FN:83,(anonymous_3)
FN:84,(anonymous_4)
FN:92,(anonymous_5)
FN:100,(anonymous_6)
FN:135,(anonymous_7)
FN:142,(anonymous_8)
FN:151,(anonymous_9)
FN:152,(anonymous_10)
FN:153,(anonymous_11)
FN:154,(anonymous_12)
FN:156,(anonymous_13)
FN:161,(anonymous_14)
FN:167,(anonymous_15)
FNF:16
FNH:14
FNDA:6,getStreamlitUrl
FNDA:2,getStreamlitOrigin
FNDA:2,getStreamlitEmbedUrl
FNDA:29,(anonymous_3)
FNDA:29,(anonymous_4)
FNDA:1,(anonymous_5)
FNDA:1,(anonymous_6)
FNDA:27,(anonymous_7)
FNDA:2,(anonymous_8)
FNDA:1,(anonymous_9)
FNDA:0,(anonymous_10)
FNDA:1,(anonymous_11)
FNDA:1,(anonymous_12)
FNDA:1,(anonymous_13)
FNDA:0,(anonymous_14)
FNDA:2,(anonymous_15)
DA:1,2
DA:2,2
DA:3,2
DA:5,2
DA:6,2
DA:7,2
DA:8,2
DA:9,2
DA:10,2
DA:12,2
DA:14,2
DA:17,6
DA:18,6
DA:20,0
DA:25,2
DA:29,2
DA:30,2
DA:31,2
DA:32,2
DA:33,2
DA:34,2
DA:37,2
DA:39,2
DA:61,2
DA:62,2
DA:64,2
DA:65,2
DA:67,2
DA:68,2
DA:71,2
DA:73,2
DA:75,2
DA:81,2
DA:83,2
DA:84,29
DA:85,29
DA:89,29
DA:92,2
DA:93,1
DA:100,2
DA:101,1
DA:102,1
DA:108,2
DA:109,2
DA:110,2
DA:113,2
DA:126,2
DA:127,0
DA:132,2
DA:135,2
DA:136,27
DA:137,27
DA:138,27
DA:142,2
DA:143,2
DA:144,2
DA:151,2
DA:152,2
DA:153,2
DA:154,2
DA:156,2
DA:157,1
DA:158,1
DA:161,2
DA:162,0
DA:165,2
DA:166,2
DA:167,2
DA:169,2
LF:69
LH:66
BRDA:18,0,0,6
BRDA:18,0,1,6
BRDA:114,1,0,2
BRDA:114,1,1,0
BRDA:126,2,0,0
BRDA:126,2,1,2
BRF:6
BRH:4
end_of_record
TN:
SF:middleware\requireAdmin.js
FN:1,requireAdmin
FNF:1
FNH:1
FNDA:9,requireAdmin
DA:1,3
DA:2,9
DA:3,3
LF:3
LH:3
BRDA:2,0,0,6
BRDA:2,0,1,3
BRDA:2,1,0,9
BRDA:2,1,1,9
BRF:4
BRH:4
end_of_record
TN:
SF:middleware\upload.js
FN:13,(anonymous_0)
FN:16,(anonymous_1)
FN:22,(anonymous_2)
FNF:3
FNH:3
FNDA:1,(anonymous_0)
FNDA:1,(anonymous_1)
FNDA:1,(anonymous_2)
DA:1,2
DA:2,2
DA:3,2
DA:5,2
DA:8,2
DA:9,0
DA:12,2
DA:14,1
DA:17,1
DA:18,1
DA:22,2
DA:23,1
DA:24,1
DA:25,1
DA:26,1
DA:28,0
DA:32,2
LF:17
LH:15
BRDA:8,0,0,0
BRDA:8,0,1,2
BRDA:25,1,0,1
BRDA:25,1,1,0
BRF:4
BRH:2
end_of_record
TN:
SF:models\AdminUser.js
FNF:0
FNH:0
DA:1,2
DA:3,2
DA:11,2
LF:3
LH:3
BRF:0
BRH:0
end_of_record
TN:
SF:models\blog.js
FNF:0
FNH:0
DA:1,3
DA:3,3
DA:16,3
LF:3
LH:3
BRF:0
BRH:0
end_of_record
TN:
SF:routes\adminRoutes.js
FN:13,parsePublished
FN:20,sanitize
FN:33,(anonymous_2)
FN:37,(anonymous_3)
FN:50,(anonymous_4)
FN:51,(anonymous_5)
FN:55,(anonymous_6)
FN:62,(anonymous_7)
FN:65,(anonymous_8)
FN:72,(anonymous_9)
FN:106,(anonymous_10)
FN:113,(anonymous_11)
FN:120,(anonymous_12)
FN:159,(anonymous_13)
FNF:14
FNH:11
FNDA:3,parsePublished
FNDA:3,sanitize
FNDA:0,(anonymous_2)
FNDA:6,(anonymous_3)
FNDA:1,(anonymous_4)
FNDA:1,(anonymous_5)
FNDA:1,(anonymous_6)
FNDA:0,(anonymous_7)
FNDA:2,(anonymous_8)
FNDA:3,(anonymous_9)
FNDA:0,(anonymous_10)
FNDA:1,(anonymous_11)
FNDA:1,(anonymous_12)
FNDA:1,(anonymous_13)
DA:1,2
DA:2,2
DA:3,2
DA:4,2
DA:6,2
DA:7,2
DA:8,2
DA:9,2
DA:11,2
DA:14,3
DA:15,1
DA:17,2
DA:21,3
DA:33,2
DA:34,0
DA:37,2
DA:38,6
DA:40,6
DA:41,6
DA:43,6
DA:44,6
DA:46,5
DA:47,5
DA:50,2
DA:51,1
DA:55,2
DA:56,1
DA:57,1
DA:62,2
DA:63,0
DA:65,2
DA:66,2
DA:67,2
DA:69,2
DA:70,2
DA:72,3
DA:75,2
DA:77,2
DA:78,2
DA:79,1
DA:82,2
DA:92,2
DA:94,0
DA:96,0
DA:106,2
DA:107,0
DA:108,0
DA:109,0
DA:113,2
DA:114,1
DA:115,1
DA:117,1
DA:118,1
DA:120,1
DA:123,1
DA:125,1
DA:126,1
DA:127,0
DA:131,1
DA:132,1
DA:133,1
DA:136,1
DA:146,1
DA:148,0
DA:150,0
DA:159,2
DA:160,1
DA:161,1
DA:164,2
LF:69
LH:59
BRDA:14,0,0,1
BRDA:14,0,1,2
BRDA:15,1,0,1
BRDA:15,1,1,0
BRDA:17,2,0,2
BRDA:17,2,1,1
BRDA:41,3,0,0
BRDA:41,3,1,6
BRDA:44,4,0,1
BRDA:44,4,1,5
BRDA:70,5,0,2
BRDA:70,5,1,0
BRDA:77,6,0,2
BRDA:77,6,1,1
BRDA:78,7,0,1
BRDA:78,7,1,1
BRDA:108,8,0,0
BRDA:108,8,1,0
BRDA:118,9,0,1
BRDA:118,9,1,0
BRDA:125,10,0,1
BRDA:125,10,1,1
BRDA:126,11,0,0
BRDA:126,11,1,1
BRDA:131,12,0,1
BRDA:131,12,1,0
BRDA:133,13,0,1
BRDA:133,13,1,0
BRF:28
BRH:19
end_of_record
TN:
SF:routes\blogRoutes.js
FN:6,(anonymous_0)
FN:32,(anonymous_1)
FN:44,(anonymous_2)
FNF:3
FNH:3
FNDA:2,(anonymous_0)
FNDA:4,(anonymous_1)
FNDA:3,(anonymous_2)
DA:1,2
DA:2,2
DA:4,2
DA:6,2
DA:7,2
DA:8,2
DA:9,2
DA:11,2
DA:13,2
DA:14,2
DA:16,2
DA:22,2
DA:32,4
DA:34,2
DA:44,2
DA:45,3
DA:47,3
DA:48,2
DA:56,1
DA:57,1
DA:58,1
DA:69,1
DA:70,0
DA:79,1
DA:86,2
LF:25
LH:24
BRDA:7,0,0,2
BRDA:7,0,1,1
BRDA:8,1,0,2
BRDA:8,1,1,1
BRDA:9,2,0,2
BRDA:9,2,1,1
BRDA:13,3,0,1
BRDA:13,3,1,1
BRDA:14,4,0,1
BRDA:14,4,1,1
BRDA:23,5,0,2
BRDA:23,5,1,0
BRDA:47,6,0,2
BRDA:47,6,1,1
BRDA:57,7,0,1
BRDA:57,7,1,0
BRDA:57,8,0,1
BRDA:57,8,1,1
BRDA:69,9,0,0
BRDA:69,9,1,1
BRF:20
BRH:17
end_of_record
