TN:
SF:app.js
FN:33,(anonymous_0)
FN:34,(anonymous_1)
FN:42,(anonymous_2)
FN:50,(anonymous_3)
FN:89,(anonymous_4)
FN:96,(anonymous_5)
FN:102,(anonymous_6)
FN:103,(anonymous_7)
FN:104,(anonymous_8)
FN:106,(anonymous_9)
FN:111,(anonymous_10)
FN:117,(anonymous_11)
FNF:12
FNH:4
FNDA:2,(anonymous_0)
FNDA:2,(anonymous_1)
FNDA:1,(anonymous_2)
FNDA:1,(anonymous_3)
FNDA:0,(anonymous_4)
FNDA:0,(anonymous_5)
FNDA:0,(anonymous_6)
FNDA:0,(anonymous_7)
FNDA:0,(anonymous_8)
FNDA:0,(anonymous_9)
FNDA:0,(anonymous_10)
FNDA:0,(anonymous_11)
DA:1,1
DA:2,1
DA:3,1
DA:4,1
DA:5,1
DA:6,1
DA:7,1
DA:9,1
DA:11,1
DA:12,1
DA:14,1
DA:16,1
DA:17,1
DA:19,1
DA:21,1
DA:23,1
DA:25,1
DA:31,1
DA:33,1
DA:34,2
DA:35,2
DA:39,2
DA:42,1
DA:43,1
DA:50,1
DA:51,1
DA:52,1
DA:56,1
DA:57,1
DA:58,1
DA:59,1
DA:62,1
DA:63,1
DA:64,1
DA:67,1
DA:80,1
DA:81,0
DA:86,1
DA:89,1
DA:90,0
DA:91,0
DA:92,0
DA:96,1
DA:97,0
DA:102,1
DA:103,1
DA:104,1
DA:106,1
DA:107,0
DA:108,0
DA:111,1
DA:112,0
DA:115,1
DA:116,1
DA:117,1
DA:119,1
LF:56
LH:48
BRDA:68,0,0,1
BRDA:68,0,1,0
BRDA:80,1,0,0
BRDA:80,1,1,1
BRDA:98,2,0,0
BRDA:98,2,1,0
BRF:6
BRH:2
end_of_record
TN:
SF:middleware\requireAdmin.js
FN:1,requireAdmin
FNF:1
FNH:0
FNDA:0,requireAdmin
DA:1,1
DA:2,0
DA:3,0
LF:3
LH:1
BRDA:2,0,0,0
BRDA:2,0,1,0
BRDA:2,1,0,0
BRDA:2,1,1,0
BRF:4
BRH:0
end_of_record
TN:
SF:middleware\upload.js
FN:13,(anonymous_0)
FN:16,(anonymous_1)
FN:22,(anonymous_2)
FNF:3
FNH:0
FNDA:0,(anonymous_0)
FNDA:0,(anonymous_1)
FNDA:0,(anonymous_2)
DA:1,1
DA:2,1
DA:3,1
DA:5,1
DA:8,1
DA:9,0
DA:12,1
DA:14,0
DA:17,0
DA:18,0
DA:22,1
DA:23,0
DA:24,0
DA:25,0
DA:26,0
DA:28,0
DA:32,1
LF:17
LH:8
BRDA:8,0,0,0
BRDA:8,0,1,1
BRDA:25,1,0,0
BRDA:25,1,1,0
BRF:4
BRH:1
end_of_record
TN:
SF:models\AdminUser.js
FNF:0
FNH:0
DA:1,1
DA:3,1
DA:11,1
LF:3
LH:3
BRF:0
BRH:0
end_of_record
TN:
SF:models\blog.js
FNF:0
FNH:0
DA:1,2
DA:3,2
DA:16,2
LF:3
LH:3
BRF:0
BRH:0
end_of_record
TN:
SF:routes\adminRoutes.js
FN:13,parsePublished
FN:20,sanitize
FN:33,(anonymous_2)
FN:37,(anonymous_3)
FN:50,(anonymous_4)
FN:51,(anonymous_5)
FN:55,(anonymous_6)
FN:62,(anonymous_7)
FN:65,(anonymous_8)
FN:72,(anonymous_9)
FN:104,(anonymous_10)
FN:111,(anonymous_11)
FN:118,(anonymous_12)
FN:155,(anonymous_13)
FNF:14
FNH:0
FNDA:0,parsePublished
FNDA:0,sanitize
FNDA:0,(anonymous_2)
FNDA:0,(anonymous_3)
FNDA:0,(anonymous_4)
FNDA:0,(anonymous_5)
FNDA:0,(anonymous_6)
FNDA:0,(anonymous_7)
FNDA:0,(anonymous_8)
FNDA:0,(anonymous_9)
FNDA:0,(anonymous_10)
FNDA:0,(anonymous_11)
FNDA:0,(anonymous_12)
FNDA:0,(anonymous_13)
DA:1,1
DA:2,1
DA:3,1
DA:4,1
DA:6,1
DA:7,1
DA:8,1
DA:9,1
DA:11,1
DA:14,0
DA:15,0
DA:17,0
DA:21,0
DA:33,1
DA:34,0
DA:37,1
DA:38,0
DA:40,0
DA:41,0
DA:43,0
DA:44,0
DA:46,0
DA:47,0
DA:50,1
DA:51,0
DA:55,1
DA:56,0
DA:57,0
DA:62,1
DA:63,0
DA:65,1
DA:66,0
DA:67,0
DA:69,0
DA:70,0
DA:72,0
DA:75,0
DA:77,0
DA:78,0
DA:79,0
DA:82,0
DA:92,0
DA:94,0
DA:104,1
DA:105,0
DA:106,0
DA:107,0
DA:111,1
DA:112,0
DA:113,0
DA:115,0
DA:116,0
DA:118,0
DA:121,0
DA:123,0
DA:124,0
DA:125,0
DA:129,0
DA:130,0
DA:131,0
DA:134,0
DA:144,0
DA:146,0
DA:155,1
DA:156,0
DA:157,0
DA:160,1
LF:67
LH:19
BRDA:14,0,0,0
BRDA:14,0,1,0
BRDA:15,1,0,0
BRDA:15,1,1,0
BRDA:17,2,0,0
BRDA:17,2,1,0
BRDA:41,3,0,0
BRDA:41,3,1,0
BRDA:44,4,0,0
BRDA:44,4,1,0
BRDA:70,5,0,0
BRDA:70,5,1,0
BRDA:77,6,0,0
BRDA:77,6,1,0
BRDA:78,7,0,0
BRDA:78,7,1,0
BRDA:106,8,0,0
BRDA:106,8,1,0
BRDA:116,9,0,0
BRDA:116,9,1,0
BRDA:123,10,0,0
BRDA:123,10,1,0
BRDA:124,11,0,0
BRDA:124,11,1,0
BRDA:129,12,0,0
BRDA:129,12,1,0
BRDA:131,13,0,0
BRDA:131,13,1,0
BRF:28
BRH:0
end_of_record
TN:
SF:routes\blogRoutes.js
FN:6,(anonymous_0)
FN:32,(anonymous_1)
FN:44,(anonymous_2)
FNF:3
FNH:0
FNDA:0,(anonymous_0)
FNDA:0,(anonymous_1)
FNDA:0,(anonymous_2)
DA:1,1
DA:2,1
DA:4,1
DA:6,1
DA:7,0
DA:8,0
DA:9,0
DA:11,0
DA:13,0
DA:14,0
DA:16,0
DA:22,0
DA:32,0
DA:34,0
DA:44,1
DA:45,0
DA:47,0
DA:48,0
DA:56,0
DA:57,0
DA:58,0
DA:69,0
DA:70,0
DA:79,0
DA:86,1
LF:25
LH:6
BRDA:7,0,0,0
BRDA:7,0,1,0
BRDA:8,1,0,0
BRDA:8,1,1,0
BRDA:9,2,0,0
BRDA:9,2,1,0
BRDA:13,3,0,0
BRDA:13,3,1,0
BRDA:14,4,0,0
BRDA:14,4,1,0
BRDA:23,5,0,0
BRDA:23,5,1,0
BRDA:47,6,0,0
BRDA:47,6,1,0
BRDA:57,7,0,0
BRDA:57,7,1,0
BRDA:57,8,0,0
BRDA:57,8,1,0
BRDA:69,9,0,0
BRDA:69,9,1,0
BRF:20
BRH:0
end_of_record
